\BOOKMARK [0][-]{chapter.1}{\376\377\000I\000n\000t\000r\000o\000d\000u\000c\000t\000i\000o\000n}{}% 1
\BOOKMARK [0][-]{chapter.2}{\376\377\000P\000l\000a\000y\000e\000r\000\040\000c\000h\000a\000r\000a\000c\000t\000e\000r\000s}{}% 2
\BOOKMARK [1][-]{section*.2}{\376\377\000C\000h\000o\000o\000s\000i\000n\000g\000\040\000a\000\040\000c\000h\000a\000r\000a\000c\000t\000e\000r}{chapter.2}% 3
\BOOKMARK [1][-]{section*.3}{\376\377\000P\000r\000e\000m\000a\000d\000e\000\040\000c\000h\000a\000r\000a\000c\000t\000e\000r\000s}{chapter.2}% 4
\BOOKMARK [2][-]{subsection*.5}{\376\377\000H\000a\000r\000o\000l\000d\000\040\000"\000S\000c\000a\000r\000"\000\040\000o\000f\000\040\000K\000r\000e\000m\000l\000e}{section*.3}% 5
\BOOKMARK [2][-]{subsection*.8}{\376\377\000Y\000a\000s\000m\000i\000n\000a}{section*.3}% 6
\BOOKMARK [2][-]{subsection*.11}{\376\377\000S\000i\000l\000g\000r\000i\000d\000\040\000C\000o\000a\000l\000b\000r\000a\000i\000d}{section*.3}% 7
\BOOKMARK [2][-]{subsection*.14}{\376\377\000S\000a\000l\000l\000y\000\040\040\034\000J\000a\000c\000k\000d\000a\000w\040\035\000\040\000H\000o\000r\000s\000t}{section*.3}% 8
\BOOKMARK [0][-]{chapter.3}{\376\377\000C\000h\000a\000r\000a\000c\000t\000e\000r\000\040\000b\000a\000c\000k\000s\000t\000o\000r\000i\000e\000s}{}% 9
\BOOKMARK [1][-]{section*.16}{\376\377\000H\000a\000r\000o\000l\000d\000\040\000"\000S\000c\000a\000r\000"\000\040\000o\000f\000\040\000K\000r\000e\000m\000l\000e}{chapter.3}% 10
\BOOKMARK [2][-]{subsection*.17}{\376\377\000B\000a\000c\000k\000s\000t\000o\000r\000y}{section*.16}% 11
\BOOKMARK [1][-]{section*.20}{\376\377\000Y\000a\000s\000m\000i\000n\000a}{chapter.3}% 12
\BOOKMARK [2][-]{subsection*.21}{\376\377\000B\000a\000c\000k\000s\000t\000o\000r\000y}{section*.20}% 13
\BOOKMARK [1][-]{section*.24}{\376\377\000S\000i\000l\000g\000r\000i\000d\000\040\000C\000o\000a\000l\000b\000r\000a\000i\000d}{chapter.3}% 14
\BOOKMARK [2][-]{subsection*.25}{\376\377\000B\000a\000c\000k\000s\000t\000o\000r\000y}{section*.24}% 15
\BOOKMARK [1][-]{section*.28}{\376\377\000S\000a\000l\000l\000y\000\040\000"\000J\000a\000c\000k\000d\000a\000w\000"\000\040\000H\000o\000r\000s\000t}{chapter.3}% 16
\BOOKMARK [2][-]{subsection*.29}{\376\377\000B\000a\000c\000k\000s\000t\000o\000r\000y}{section*.28}% 17
\BOOKMARK [0][-]{chapter.4}{\376\377\000A\000d\000v\000e\000n\000t\000u\000r\000e}{}% 18
\BOOKMARK [1][-]{section*.32}{\376\377\000A\000c\000t\000\040\000i}{chapter.4}% 19
\BOOKMARK [2][-]{subsection*.33}{\376\377\0001\000\040\000-\000\040\000F\000o\000r\000c\000e\000d\000\040\000L\000a\000b\000o\000u\000r\000\040\000C\000o\000n\000t\000r\000o\000l\000\040\000B\000u\000r\000e\000a\000u}{section*.32}% 20
\BOOKMARK [2][-]{subsection*.34}{\376\377\0002\000\040\000-\000\040\000T\000o\000\040\000t\000h\000e\000\040\000Y\000a\000w\000n\000i\000n\000g\000\040\000P\000o\000r\000t\000a\000l}{section*.32}% 21
\BOOKMARK [1][-]{section*.37}{\376\377\000A\000c\000t\000\040\000i\000i}{chapter.4}% 22
\BOOKMARK [2][-]{subsection*.38}{\376\377\000O\000p\000p\000o\000r\000t\000u\000n\000i\000t\000i\000e\000s}{section*.37}% 23
\BOOKMARK [2][-]{subsection*.42}{\376\377\000L\000y\000r\000a\000'\000s\000\040\000p\000l\000e\000a}{section*.37}% 24
\BOOKMARK [2][-]{subsection*.46}{\376\377\0001\000.\000\040\000A\000n\000t\000e\000c\000h\000a\000m\000b\000e\000r}{section*.37}% 25
\BOOKMARK [2][-]{subsection*.47}{\376\377\0002\000.\000\040\000H\000a\000l\000l\000w\000a\000y}{section*.37}% 26
\BOOKMARK [2][-]{subsection*.48}{\376\377\0003\000.\000\040\000S\000t\000o\000r\000a\000g\000e}{section*.37}% 27
\BOOKMARK [2][-]{subsection*.49}{\376\377\0004\000.\000\040\000L\000i\000v\000i\000n\000g\000\040\000q\000u\000a\000r\000t\000e\000r\000s}{section*.37}% 28
\BOOKMARK [2][-]{subsection*.50}{\376\377\0005\000.\000\040\000S\000h\000r\000i\000n\000e}{section*.37}% 29
\BOOKMARK [2][-]{subsection*.53}{\376\377\000H\000a\000u\000n\000t\000e\000d\000\040\000H\000o\000u\000s\000e}{section*.37}% 30
\BOOKMARK [2][-]{subsection*.54}{\376\377\000S\000w\000a\000r\000m\000\040\000o\000f\000\040\000B\000a\000t\000s}{section*.37}% 31
\BOOKMARK [0][-]{chapter.5}{\376\377\000M\000a\000p\000s}{}% 32
\BOOKMARK [0][-]{chapter.6}{\376\377\000C\000h\000a\000r\000a\000c\000t\000e\000r\000\040\000S\000h\000e\000e\000t\000s}{}% 33
